D:\360PAN\SHARE\TEMP-PROJECT\MICROSOFT-CLI-STEPBYSTEP\DEBUG\DEMO1-CREATECLRCONSOLEPROGRAM.EXE
d:\360pan\share\temp-project\microsoft-CLI-StepByStep\Debug\Demo1-CreateCLRConsoleProgram.ilk
d:\360pan\share\temp-project\microsoft-CLI-StepByStep\Debug\Demo1-CreateCLRConsoleProgram.pdb
D:\360PAN\SHARE\TEMP-PROJECT\MICROSOFT-CLI-STEPBYSTEP\DEMO1-CREATECLRCONSOLEPROGRAM\DEBUG\.NETFRAMEWORK,VERSION=V4.0.ASSEMBLYATTRIBUTES.OBJ
D:\360PAN\SHARE\TEMP-PROJECT\MICROSOFT-CLI-STEPBYSTEP\DEMO1-CREATECLRCONSOLEPROGRAM\DEBUG\APP.RES
D:\360PAN\SHARE\TEMP-PROJECT\MICROSOFT-CLI-STEPBYSTEP\DEMO1-CREATECLRCONSOLEPROGRAM\DEBUG\ASSEMBLYINFO.OBJ
d:\360pan\share\temp-project\microsoft-CLI-StepByStep\Demo1-CreateCLRConsoleProgram\Debug\cl.command.1.tlog
d:\360pan\share\temp-project\microsoft-CLI-StepByStep\Demo1-CreateCLRConsoleProgram\Debug\CL.read.1.tlog
d:\360pan\share\temp-project\microsoft-CLI-StepByStep\Demo1-CreateCLRConsoleProgram\Debug\CL.write.1.tlog
d:\360pan\share\temp-project\microsoft-CLI-StepByStep\Demo1-CreateCLRConsoleProgram\Debug\Demo1-CreateCLRConsoleProgram.exe.intermediate.manifest
D:\360PAN\SHARE\TEMP-PROJECT\MICROSOFT-CLI-STEPBYSTEP\DEMO1-CREATECLRCONSOLEPROGRAM\DEBUG\DEMO1-CREATECLRCONSOLEPROGRAM.OBJ
D:\360PAN\SHARE\TEMP-PROJECT\MICROSOFT-CLI-STEPBYSTEP\DEMO1-CREATECLRCONSOLEPROGRAM\DEBUG\DEMO1-CREATECLRCONSOLEPROGRAM.PCH
d:\360pan\share\temp-project\microsoft-CLI-StepByStep\Demo1-CreateCLRConsoleProgram\Debug\Demo1-CreateCLRConsoleProgram.vcxprojResolveAssemblyReference.cache
d:\360pan\share\temp-project\microsoft-CLI-StepByStep\Demo1-CreateCLRConsoleProgram\Debug\Demo1-CreateCLRConsoleProgram.write.1.tlog
D:\360PAN\SHARE\TEMP-PROJECT\MICROSOFT-CLI-STEPBYSTEP\DEMO1-CREATECLRCONSOLEPROGRAM\DEBUG\DEMO1-READEME.OBJ
d:\360pan\share\temp-project\microsoft-CLI-StepByStep\Demo1-CreateCLRConsoleProgram\Debug\link.2172.read.1.tlog
d:\360pan\share\temp-project\microsoft-CLI-StepByStep\Demo1-CreateCLRConsoleProgram\Debug\link.2172.write.1.tlog
d:\360pan\share\temp-project\microsoft-CLI-StepByStep\Demo1-CreateCLRConsoleProgram\Debug\link.3172.read.1.tlog
d:\360pan\share\temp-project\microsoft-CLI-StepByStep\Demo1-CreateCLRConsoleProgram\Debug\link.3172.write.1.tlog
d:\360pan\share\temp-project\microsoft-CLI-StepByStep\Demo1-CreateCLRConsoleProgram\Debug\link.3172-cvtres.read.1.tlog
d:\360pan\share\temp-project\microsoft-CLI-StepByStep\Demo1-CreateCLRConsoleProgram\Debug\link.3172-cvtres.write.1.tlog
d:\360pan\share\temp-project\microsoft-CLI-StepByStep\Demo1-CreateCLRConsoleProgram\Debug\link.command.1.tlog
d:\360pan\share\temp-project\microsoft-CLI-StepByStep\Demo1-CreateCLRConsoleProgram\Debug\link.read.1.tlog
d:\360pan\share\temp-project\microsoft-CLI-StepByStep\Demo1-CreateCLRConsoleProgram\Debug\link.write.1.tlog
d:\360pan\share\temp-project\microsoft-CLI-StepByStep\Demo1-CreateCLRConsoleProgram\Debug\metagen.read.1.tlog
d:\360pan\share\temp-project\microsoft-CLI-StepByStep\Demo1-CreateCLRConsoleProgram\Debug\metagen.write.1.tlog
d:\360pan\share\temp-project\microsoft-CLI-StepByStep\Demo1-CreateCLRConsoleProgram\Debug\mt.command.1.tlog
d:\360pan\share\temp-project\microsoft-CLI-StepByStep\Demo1-CreateCLRConsoleProgram\Debug\mt.read.1.tlog
d:\360pan\share\temp-project\microsoft-CLI-StepByStep\Demo1-CreateCLRConsoleProgram\Debug\mt.write.1.tlog
d:\360pan\share\temp-project\microsoft-CLI-StepByStep\Demo1-CreateCLRConsoleProgram\Debug\rc.command.1.tlog
d:\360pan\share\temp-project\microsoft-CLI-StepByStep\Demo1-CreateCLRConsoleProgram\Debug\rc.read.1.tlog
d:\360pan\share\temp-project\microsoft-CLI-StepByStep\Demo1-CreateCLRConsoleProgram\Debug\rc.write.1.tlog
D:\360PAN\SHARE\TEMP-PROJECT\MICROSOFT-CLI-STEPBYSTEP\DEMO1-CREATECLRCONSOLEPROGRAM\DEBUG\STDAFX.OBJ
D:\360PAN\SHARE\TEMP-PROJECT\MICROSOFT-CLI-STEPBYSTEP\DEMO1-CREATECLRCONSOLEPROGRAM\DEBUG\VC100.PDB
