D:\360PAN\SHARE\TEMP-PROJECT\MICROSOFT-CLI-STEPBYSTEP\DEBUG\DEMO-CLRLAB.EXE
d:\360pan\share\temp-project\microsoft-CLI-StepByStep\Debug\Demo-CLRLab.ilk
d:\360pan\share\temp-project\microsoft-CLI-StepByStep\Debug\Demo-CLRLab.pdb
D:\360PAN\SHARE\TEMP-PROJECT\MICROSOFT-CLI-STEPBYSTEP\DEMO-CLRLAB\DEBUG\.NETFRAMEWORK,VERSION=V4.0.ASSEMBLYATTRIBUTES.OBJ
D:\360PAN\SHARE\TEMP-PROJECT\MICROSOFT-CLI-STEPBYSTEP\DEMO-CLRLAB\DEBUG\APP.RES
D:\360PAN\SHARE\TEMP-PROJECT\MICROSOFT-CLI-STEPBYSTEP\DEMO-CLRLAB\DEBUG\ASSEMBLYINFO.OBJ
d:\360pan\share\temp-project\microsoft-CLI-StepByStep\Demo-CLRLab\Debug\cl.command.1.tlog
d:\360pan\share\temp-project\microsoft-CLI-StepByStep\Demo-CLRLab\Debug\CL.read.1.tlog
d:\360pan\share\temp-project\microsoft-CLI-StepByStep\Demo-CLRLab\Debug\CL.write.1.tlog
d:\360pan\share\temp-project\microsoft-CLI-StepByStep\Demo-CLRLab\Debug\Demo-CLRLab.exe.intermediate.manifest
D:\360PAN\SHARE\TEMP-PROJECT\MICROSOFT-CLI-STEPBYSTEP\DEMO-CLRLAB\DEBUG\DEMO-CLRLAB.OBJ
D:\360PAN\SHARE\TEMP-PROJECT\MICROSOFT-CLI-STEPBYSTEP\DEMO-CLRLAB\DEBUG\DEMO-CLRLAB.PCH
d:\360pan\share\temp-project\microsoft-CLI-StepByStep\Demo-CLRLab\Debug\Demo-CLRLab.vcxprojResolveAssemblyReference.cache
d:\360pan\share\temp-project\microsoft-CLI-StepByStep\Demo-CLRLab\Debug\Demo-CLRLab.write.1.tlog
d:\360pan\share\temp-project\microsoft-CLI-StepByStep\Demo-CLRLab\Debug\link.5084.read.1.tlog
d:\360pan\share\temp-project\microsoft-CLI-StepByStep\Demo-CLRLab\Debug\link.5084.write.1.tlog
d:\360pan\share\temp-project\microsoft-CLI-StepByStep\Demo-CLRLab\Debug\link.5092.read.1.tlog
d:\360pan\share\temp-project\microsoft-CLI-StepByStep\Demo-CLRLab\Debug\link.5092.write.1.tlog
d:\360pan\share\temp-project\microsoft-CLI-StepByStep\Demo-CLRLab\Debug\link.5092-cvtres.read.1.tlog
d:\360pan\share\temp-project\microsoft-CLI-StepByStep\Demo-CLRLab\Debug\link.5092-cvtres.write.1.tlog
d:\360pan\share\temp-project\microsoft-CLI-StepByStep\Demo-CLRLab\Debug\link.command.1.tlog
d:\360pan\share\temp-project\microsoft-CLI-StepByStep\Demo-CLRLab\Debug\link.read.1.tlog
d:\360pan\share\temp-project\microsoft-CLI-StepByStep\Demo-CLRLab\Debug\link.write.1.tlog
d:\360pan\share\temp-project\microsoft-CLI-StepByStep\Demo-CLRLab\Debug\metagen.read.1.tlog
d:\360pan\share\temp-project\microsoft-CLI-StepByStep\Demo-CLRLab\Debug\metagen.write.1.tlog
d:\360pan\share\temp-project\microsoft-CLI-StepByStep\Demo-CLRLab\Debug\mt.command.1.tlog
d:\360pan\share\temp-project\microsoft-CLI-StepByStep\Demo-CLRLab\Debug\mt.read.1.tlog
d:\360pan\share\temp-project\microsoft-CLI-StepByStep\Demo-CLRLab\Debug\mt.write.1.tlog
d:\360pan\share\temp-project\microsoft-CLI-StepByStep\Demo-CLRLab\Debug\rc.command.1.tlog
d:\360pan\share\temp-project\microsoft-CLI-StepByStep\Demo-CLRLab\Debug\rc.read.1.tlog
d:\360pan\share\temp-project\microsoft-CLI-StepByStep\Demo-CLRLab\Debug\rc.write.1.tlog
D:\360PAN\SHARE\TEMP-PROJECT\MICROSOFT-CLI-STEPBYSTEP\DEMO-CLRLAB\DEBUG\STDAFX.OBJ
D:\360PAN\SHARE\TEMP-PROJECT\MICROSOFT-CLI-STEPBYSTEP\DEMO-CLRLAB\DEBUG\VC100.PDB
