D:\360PAN\SHARE\TEMP-PROJECT\MICROSOFT-CLI-STEPBYSTEP\DEBUG\DEMO7-LIFETIMES.EXE
D:\360PAN\SHARE\TEMP-PROJECT\MICROSOFT-CLI-STEPBYSTEP\DEBUG\DEMO7-LIFETIMES.ILK
D:\360PAN\SHARE\TEMP-PROJECT\MICROSOFT-CLI-STEPBYSTEP\DEBUG\DEMO7-LIFETIMES.PDB
D:\360PAN\SHARE\TEMP-PROJECT\MICROSOFT-CLI-STEPBYSTEP\DEMO7-LIFETIMES\DEBUG\APP.RES
D:\360PAN\SHARE\TEMP-PROJECT\MICROSOFT-CLI-STEPBYSTEP\DEMO7-LIFETIMES\DEBUG\ASSEMBLYINFO.OBJ
d:\360pan\share\temp-project\microsoft-CLI-StepByStep\Demo7-Lifetimes\Debug\cl.command.1.tlog
d:\360pan\share\temp-project\microsoft-CLI-StepByStep\Demo7-Lifetimes\Debug\CL.read.1.tlog
d:\360pan\share\temp-project\microsoft-CLI-StepByStep\Demo7-Lifetimes\Debug\CL.write.1.tlog
D:\360PAN\SHARE\TEMP-PROJECT\MICROSOFT-CLI-STEPBYSTEP\DEMO7-LIFETIMES\DEBUG\DEMO7-LIFETIMES.EXE.INTERMEDIATE.MANIFEST
D:\360PAN\SHARE\TEMP-PROJECT\MICROSOFT-CLI-STEPBYSTEP\DEMO7-LIFETIMES\DEBUG\DEMO7-LIFETIMES.OBJ
D:\360PAN\SHARE\TEMP-PROJECT\MICROSOFT-CLI-STEPBYSTEP\DEMO7-LIFETIMES\DEBUG\DEMO7-LIFETIMES.PCH
d:\360pan\share\temp-project\microsoft-CLI-StepByStep\Demo7-Lifetimes\Debug\Demo7-Lifetimes.write.1.tlog
d:\360pan\share\temp-project\microsoft-CLI-StepByStep\Demo7-Lifetimes\Debug\link.3156.read.1.tlog
d:\360pan\share\temp-project\microsoft-CLI-StepByStep\Demo7-Lifetimes\Debug\link.3156.write.1.tlog
d:\360pan\share\temp-project\microsoft-CLI-StepByStep\Demo7-Lifetimes\Debug\link.3156-cvtres.read.1.tlog
d:\360pan\share\temp-project\microsoft-CLI-StepByStep\Demo7-Lifetimes\Debug\link.3156-cvtres.write.1.tlog
d:\360pan\share\temp-project\microsoft-CLI-StepByStep\Demo7-Lifetimes\Debug\link.7148.read.1.tlog
d:\360pan\share\temp-project\microsoft-CLI-StepByStep\Demo7-Lifetimes\Debug\link.7148.write.1.tlog
d:\360pan\share\temp-project\microsoft-CLI-StepByStep\Demo7-Lifetimes\Debug\link.7148-cvtres.read.1.tlog
d:\360pan\share\temp-project\microsoft-CLI-StepByStep\Demo7-Lifetimes\Debug\link.7148-cvtres.write.1.tlog
d:\360pan\share\temp-project\microsoft-CLI-StepByStep\Demo7-Lifetimes\Debug\link.command.1.tlog
d:\360pan\share\temp-project\microsoft-CLI-StepByStep\Demo7-Lifetimes\Debug\link.read.1.tlog
d:\360pan\share\temp-project\microsoft-CLI-StepByStep\Demo7-Lifetimes\Debug\link.write.1.tlog
d:\360pan\share\temp-project\microsoft-CLI-StepByStep\Demo7-Lifetimes\Debug\metagen.read.1.tlog
d:\360pan\share\temp-project\microsoft-CLI-StepByStep\Demo7-Lifetimes\Debug\metagen.write.1.tlog
d:\360pan\share\temp-project\microsoft-CLI-StepByStep\Demo7-Lifetimes\Debug\mt.command.1.tlog
d:\360pan\share\temp-project\microsoft-CLI-StepByStep\Demo7-Lifetimes\Debug\mt.read.1.tlog
d:\360pan\share\temp-project\microsoft-CLI-StepByStep\Demo7-Lifetimes\Debug\mt.write.1.tlog
D:\360PAN\SHARE\TEMP-PROJECT\MICROSOFT-CLI-STEPBYSTEP\DEMO7-LIFETIMES\DEBUG\MYCLASS.OBJ
d:\360pan\share\temp-project\microsoft-CLI-StepByStep\Demo7-Lifetimes\Debug\rc.command.1.tlog
d:\360pan\share\temp-project\microsoft-CLI-StepByStep\Demo7-Lifetimes\Debug\rc.read.1.tlog
d:\360pan\share\temp-project\microsoft-CLI-StepByStep\Demo7-Lifetimes\Debug\rc.write.1.tlog
D:\360PAN\SHARE\TEMP-PROJECT\MICROSOFT-CLI-STEPBYSTEP\DEMO7-LIFETIMES\DEBUG\STDAFX.OBJ
D:\360PAN\SHARE\TEMP-PROJECT\MICROSOFT-CLI-STEPBYSTEP\DEMO7-LIFETIMES\DEBUG\VC90.PDB
