Build started 2016/1/26 下午 03:20:07.
     1>Project "D:\360pan\share\temp-project\microsoft-CLI-StepByStep\Demo3-VarOps\Demo3-VarOps.vcxproj" on node 4 (build target(s)).
     1>InitializeBuildStatus:
         Creating "Debug\Demo3-VarOps.unsuccessfulbuild" because "AlwaysCreate" was specified.
       GenerateTargetFrameworkMonikerAttribute:
       Skipping target "GenerateTargetFrameworkMonikerAttribute" because all output files are up-to-date with respect to the input files.
       ClCompile:
         d:\tool\vs2010\VC\bin\CL.exe /c /AI"C:\Program Files (x86)\Reference Assemblies\Microsoft\Framework\.NETFramework\v4.0" /Zi /clr /nologo /W3 /WX- /Od /Oy- /D WIN32 /D _DEBUG /D _UNICODE /D UNICODE /EHa /MDd /GS /fp:precise /Zc:wchar_t /Zc:forScope /Yc"StdAfx.h" /Fp"Debug\Demo3-VarOps.pch" /Fo"Debug\\" /Fd"Debug\vc100.pdb" /TP /FU"C:\Program Files (x86)\Reference Assemblies\Microsoft\Framework\.NETFramework\v4.0\System.Core.dll" /FU"C:\Program Files (x86)\Reference Assemblies\Microsoft\Framework\.NETFramework\v4.0\System.Data.dll" /FU"C:\Program Files (x86)\Reference Assemblies\Microsoft\Framework\.NETFramework\v4.0\System.dll" /FU"C:\Program Files (x86)\Reference Assemblies\Microsoft\Framework\.NETFramework\v4.0\System.Xml.dll" /analyze- /errorReport:prompt stdafx.cpp /clr:nostdlib 
         stdafx.cpp
         d:\tool\vs2010\VC\bin\CL.exe /c /AI"C:\Program Files (x86)\Reference Assemblies\Microsoft\Framework\.NETFramework\v4.0" /Zi /clr /nologo /W3 /WX- /Od /Oy- /D WIN32 /D _DEBUG /D _UNICODE /D UNICODE /EHa /MDd /GS /fp:precise /Zc:wchar_t /Zc:forScope /Yu"StdAfx.h" /Fp"Debug\Demo3-VarOps.pch" /Fo"Debug\\" /Fd"Debug\vc100.pdb" /TP /FU"C:\Program Files (x86)\Reference Assemblies\Microsoft\Framework\.NETFramework\v4.0\System.Core.dll" /FU"C:\Program Files (x86)\Reference Assemblies\Microsoft\Framework\.NETFramework\v4.0\System.Data.dll" /FU"C:\Program Files (x86)\Reference Assemblies\Microsoft\Framework\.NETFramework\v4.0\System.dll" /FU"C:\Program Files (x86)\Reference Assemblies\Microsoft\Framework\.NETFramework\v4.0\System.Xml.dll" /analyze- /errorReport:prompt AssemblyInfo.cpp "Demo3-VarOps.cpp" /clr:nostdlib 
         AssemblyInfo.cpp
         Demo3-VarOps.cpp
     1>Demo3-VarOps.cpp(87): warning C4244: '=' : conversion from 'int' to 'float', possible loss of data
     1>Demo3-VarOps.cpp(87): warning C4305: '=' : truncation from 'double' to 'float'
     1>Demo3-VarOps.cpp(87): warning C4244: '=' : conversion from 'float' to 'int', possible loss of data
     1>Demo3-VarOps.cpp(117): warning C4244: 'initializing' : conversion from 'double' to 'const unsigned long', possible loss of data
     1>Demo3-VarOps.cpp(118): warning C4244: 'initializing' : conversion from 'double' to 'const unsigned long', possible loss of data
     1>Demo3-VarOps.cpp(190): warning C4101: 'a' : unreferenced local variable
         Generating Code...
     1>d:\360pan\share\temp-project\microsoft-cli-stepbystep\demo3-varops\demo3-varops.cpp(50): warning C4700: uninitialized local variable 't' used
     1>d:\360pan\share\temp-project\microsoft-cli-stepbystep\demo3-varops\demo3-varops.cpp(51): warning C4700: uninitialized local variable 'c' used
     1>d:\360pan\share\temp-project\microsoft-cli-stepbystep\demo3-varops\demo3-varops.cpp(52): warning C4700: uninitialized local variable 'ic' used
     1>d:\360pan\share\temp-project\microsoft-cli-stepbystep\demo3-varops\demo3-varops.cpp(53): warning C4700: uninitialized local variable 's' used
     1>d:\360pan\share\temp-project\microsoft-cli-stepbystep\demo3-varops\demo3-varops.cpp(54): warning C4700: uninitialized local variable 'is' used
     1>d:\360pan\share\temp-project\microsoft-cli-stepbystep\demo3-varops\demo3-varops.cpp(55): warning C4700: uninitialized local variable 'i' used
     1>d:\360pan\share\temp-project\microsoft-cli-stepbystep\demo3-varops\demo3-varops.cpp(56): warning C4700: uninitialized local variable 'ii' used
     1>d:\360pan\share\temp-project\microsoft-cli-stepbystep\demo3-varops\demo3-varops.cpp(57): warning C4700: uninitialized local variable 'l' used
     1>d:\360pan\share\temp-project\microsoft-cli-stepbystep\demo3-varops\demo3-varops.cpp(58): warning C4700: uninitialized local variable 'll' used
     1>d:\360pan\share\temp-project\microsoft-cli-stepbystep\demo3-varops\demo3-varops.cpp(59): warning C4700: uninitialized local variable 'f' used
     1>d:\360pan\share\temp-project\microsoft-cli-stepbystep\demo3-varops\demo3-varops.cpp(60): warning C4700: uninitialized local variable 'd' used
     1>d:\360pan\share\temp-project\microsoft-cli-stepbystep\demo3-varops\demo3-varops.cpp(61): warning C4700: uninitialized local variable 'wt' used
     1>d:\360pan\share\temp-project\microsoft-cli-stepbystep\demo3-varops\demo3-varops.cpp(70): warning C4700: uninitialized local variable 'primeNumber' used
     1>d:\360pan\share\temp-project\microsoft-cli-stepbystep\demo3-varops\demo3-varops.cpp(71): warning C4700: uninitialized local variable 'z' used
     1>d:\360pan\share\temp-project\microsoft-cli-stepbystep\demo3-varops\demo3-varops.cpp(71): warning C4700: uninitialized local variable 'y' used
     1>d:\360pan\share\temp-project\microsoft-cli-stepbystep\demo3-varops\demo3-varops.cpp(71): warning C4700: uninitialized local variable 'x' used
     1>d:\360pan\share\temp-project\microsoft-cli-stepbystep\demo3-varops\demo3-varops.cpp(79): warning C4700: uninitialized local variable 'y' used
     1>d:\360pan\share\temp-project\microsoft-cli-stepbystep\demo3-varops\demo3-varops.cpp(88): warning C4700: uninitialized local variable 'z' used
     1>d:\360pan\share\temp-project\microsoft-cli-stepbystep\demo3-varops\demo3-varops.cpp(129): warning C4700: uninitialized local variable 'one' used
     1>d:\360pan\share\temp-project\microsoft-cli-stepbystep\demo3-varops\demo3-varops.cpp(130): warning C4700: uninitialized local variable 'two' used
     1>d:\360pan\share\temp-project\microsoft-cli-stepbystep\demo3-varops\demo3-varops.cpp(192): warning C4700: uninitialized local variable 'b' used
         d:\tool\vs2010\VC\bin\CL.exe /c /Zi /clr /nologo /W3 /WX- /Od /Oy- /D WIN32 /D _DEBUG /D _UNICODE /D UNICODE /EHa /MDd /GS /fp:precise /Zc:wchar_t /Zc:forScope /Fo"Debug\\" /Fd"Debug\vc100.pdb" /TP /analyze- /errorReport:prompt "C:\Users\Administrator\AppData\Local\Temp\.NETFramework,Version=v4.0.AssemblyAttributes.cpp"
         .NETFramework,Version=v4.0.AssemblyAttributes.cpp
       ResourceCompile:
         C:\Program Files (x86)\Microsoft SDKs\Windows\v7.0A\bin\rc.exe /D _UNICODE /D UNICODE /l"0x0409" /nologo /fo"Debug\app.res" app.rc 
       Link:
         d:\tool\vs2010\VC\bin\link.exe /ERRORREPORT:PROMPT /OUT:"D:\360pan\share\temp-project\microsoft-CLI-StepByStep\Debug\Demo3-VarOps.exe" /INCREMENTAL /NOLOGO /MANIFEST /ManifestFile:"Debug\Demo3-VarOps.exe.intermediate.manifest" /MANIFESTUAC:"level='asInvoker' uiAccess='false'" /DEBUG /PDB:"D:\360pan\share\temp-project\microsoft-CLI-StepByStep\Debug\Demo3-VarOps.pdb" /ASSEMBLYDEBUG /TLBID:1 /DYNAMICBASE /FIXED:NO /NXCOMPAT /MACHINE:X86 Debug\app.res
         Debug\AssemblyInfo.obj
         "Debug\Demo3-VarOps.obj"
         Debug\stdafx.obj
         "Debug\.NETFramework,Version=v4.0.AssemblyAttributes.obj"
         Demo3-VarOps.vcxproj -> D:\360pan\share\temp-project\microsoft-CLI-StepByStep\Debug\Demo3-VarOps.exe
       Manifest:
         C:\Program Files (x86)\Microsoft SDKs\Windows\v7.0A\bin\mt.exe /nologo /verbose /outputresource:"D:\360pan\share\temp-project\microsoft-CLI-StepByStep\Debug\Demo3-VarOps.exe;#1" /manifest "Debug\Demo3-VarOps.exe.intermediate.manifest"
       FinalizeBuildStatus:
         Deleting file "Debug\Demo3-VarOps.unsuccessfulbuild".
         Touching "Debug\Demo3-VarOps.lastbuildstate".
     1>Done Building Project "D:\360pan\share\temp-project\microsoft-CLI-StepByStep\Demo3-VarOps\Demo3-VarOps.vcxproj" (build target(s)).

Build succeeded.

Time Elapsed 00:00:02.72
