D:\360PAN\SHARE\TEMP-PROJECT\MICROSOFT-CLI-STEPBYSTEP\DEBUG\DEMO3-VAROPS.EXE
d:\360pan\share\temp-project\microsoft-CLI-StepByStep\Debug\Demo3-VarOps.ilk
d:\360pan\share\temp-project\microsoft-CLI-StepByStep\Debug\Demo3-VarOps.pdb
D:\360PAN\SHARE\TEMP-PROJECT\MICROSOFT-CLI-STEPBYSTEP\DEMO3-VAROPS\DEBUG\.NETFRAMEWORK,VERSION=V4.0.ASSEMBLYATTRIBUTES.OBJ
D:\360PAN\SHARE\TEMP-PROJECT\MICROSOFT-CLI-STEPBYSTEP\DEMO3-VAROPS\DEBUG\APP.RES
D:\360PAN\SHARE\TEMP-PROJECT\MICROSOFT-CLI-STEPBYSTEP\DEMO3-VAROPS\DEBUG\ASSEMBLYINFO.OBJ
d:\360pan\share\temp-project\microsoft-CLI-StepByStep\Demo3-VarOps\Debug\cl.command.1.tlog
d:\360pan\share\temp-project\microsoft-CLI-StepByStep\Demo3-VarOps\Debug\CL.read.1.tlog
d:\360pan\share\temp-project\microsoft-CLI-StepByStep\Demo3-VarOps\Debug\CL.write.1.tlog
d:\360pan\share\temp-project\microsoft-CLI-StepByStep\Demo3-VarOps\Debug\Demo3-VarOps.exe.intermediate.manifest
D:\360PAN\SHARE\TEMP-PROJECT\MICROSOFT-CLI-STEPBYSTEP\DEMO3-VAROPS\DEBUG\DEMO3-VAROPS.OBJ
D:\360PAN\SHARE\TEMP-PROJECT\MICROSOFT-CLI-STEPBYSTEP\DEMO3-VAROPS\DEBUG\DEMO3-VAROPS.PCH
d:\360pan\share\temp-project\microsoft-CLI-StepByStep\Demo3-VarOps\Debug\Demo3-VarOps.vcxprojResolveAssemblyReference.cache
d:\360pan\share\temp-project\microsoft-CLI-StepByStep\Demo3-VarOps\Debug\Demo3-VarOps.write.1.tlog
d:\360pan\share\temp-project\microsoft-CLI-StepByStep\Demo3-VarOps\Debug\link.4676.read.1.tlog
d:\360pan\share\temp-project\microsoft-CLI-StepByStep\Demo3-VarOps\Debug\link.4676.write.1.tlog
d:\360pan\share\temp-project\microsoft-CLI-StepByStep\Demo3-VarOps\Debug\link.7084.read.1.tlog
d:\360pan\share\temp-project\microsoft-CLI-StepByStep\Demo3-VarOps\Debug\link.7084.write.1.tlog
d:\360pan\share\temp-project\microsoft-CLI-StepByStep\Demo3-VarOps\Debug\link.7084-cvtres.read.1.tlog
d:\360pan\share\temp-project\microsoft-CLI-StepByStep\Demo3-VarOps\Debug\link.7084-cvtres.write.1.tlog
d:\360pan\share\temp-project\microsoft-CLI-StepByStep\Demo3-VarOps\Debug\link.command.1.tlog
d:\360pan\share\temp-project\microsoft-CLI-StepByStep\Demo3-VarOps\Debug\link.read.1.tlog
d:\360pan\share\temp-project\microsoft-CLI-StepByStep\Demo3-VarOps\Debug\link.write.1.tlog
d:\360pan\share\temp-project\microsoft-CLI-StepByStep\Demo3-VarOps\Debug\metagen.read.1.tlog
d:\360pan\share\temp-project\microsoft-CLI-StepByStep\Demo3-VarOps\Debug\metagen.write.1.tlog
d:\360pan\share\temp-project\microsoft-CLI-StepByStep\Demo3-VarOps\Debug\mt.command.1.tlog
d:\360pan\share\temp-project\microsoft-CLI-StepByStep\Demo3-VarOps\Debug\mt.read.1.tlog
d:\360pan\share\temp-project\microsoft-CLI-StepByStep\Demo3-VarOps\Debug\mt.write.1.tlog
d:\360pan\share\temp-project\microsoft-CLI-StepByStep\Demo3-VarOps\Debug\rc.command.1.tlog
d:\360pan\share\temp-project\microsoft-CLI-StepByStep\Demo3-VarOps\Debug\rc.read.1.tlog
d:\360pan\share\temp-project\microsoft-CLI-StepByStep\Demo3-VarOps\Debug\rc.write.1.tlog
D:\360PAN\SHARE\TEMP-PROJECT\MICROSOFT-CLI-STEPBYSTEP\DEMO3-VAROPS\DEBUG\STDAFX.OBJ
D:\360PAN\SHARE\TEMP-PROJECT\MICROSOFT-CLI-STEPBYSTEP\DEMO3-VAROPS\DEBUG\VC100.PDB
