D:\360PAN\SHARE\TEMP-PROJECT\MICROSOFT-CLI-STEPBYSTEP\DEBUG\DEMO9-STACKSEMANTICS.EXE
D:\360PAN\SHARE\TEMP-PROJECT\MICROSOFT-CLI-STEPBYSTEP\DEBUG\DEMO9-STACKSEMANTICS.ILK
D:\360PAN\SHARE\TEMP-PROJECT\MICROSOFT-CLI-STEPBYSTEP\DEBUG\DEMO9-STACKSEMANTICS.PDB
d:\360pan\share\temp-project\microsoft-CLI-StepByStep\Demo9-StackSemantics\Debug\cl.command.1.tlog
d:\360pan\share\temp-project\microsoft-CLI-StepByStep\Demo9-StackSemantics\Debug\CL.read.1.tlog
d:\360pan\share\temp-project\microsoft-CLI-StepByStep\Demo9-StackSemantics\Debug\CL.write.1.tlog
D:\360PAN\SHARE\TEMP-PROJECT\MICROSOFT-CLI-STEPBYSTEP\DEMO9-STACKSEMANTICS\DEBUG\DEMO9-STACKSEMANTICS.EXE.INTERMEDIATE.MANIFEST
D:\360PAN\SHARE\TEMP-PROJECT\MICROSOFT-CLI-STEPBYSTEP\DEMO9-STACKSEMANTICS\DEBUG\GEOMETRY.OBJ
d:\360pan\share\temp-project\microsoft-CLI-StepByStep\Demo9-StackSemantics\Debug\link.3568.read.1.tlog
d:\360pan\share\temp-project\microsoft-CLI-StepByStep\Demo9-StackSemantics\Debug\link.3568.write.1.tlog
d:\360pan\share\temp-project\microsoft-CLI-StepByStep\Demo9-StackSemantics\Debug\link.3656.read.1.tlog
d:\360pan\share\temp-project\microsoft-CLI-StepByStep\Demo9-StackSemantics\Debug\link.3656.write.1.tlog
d:\360pan\share\temp-project\microsoft-CLI-StepByStep\Demo9-StackSemantics\Debug\link.command.1.tlog
d:\360pan\share\temp-project\microsoft-CLI-StepByStep\Demo9-StackSemantics\Debug\link.read.1.tlog
d:\360pan\share\temp-project\microsoft-CLI-StepByStep\Demo9-StackSemantics\Debug\link.write.1.tlog
D:\360PAN\SHARE\TEMP-PROJECT\MICROSOFT-CLI-STEPBYSTEP\DEMO9-STACKSEMANTICS\DEBUG\MAIN.OBJ
d:\360pan\share\temp-project\microsoft-CLI-StepByStep\Demo9-StackSemantics\Debug\metagen.read.1.tlog
d:\360pan\share\temp-project\microsoft-CLI-StepByStep\Demo9-StackSemantics\Debug\metagen.write.1.tlog
d:\360pan\share\temp-project\microsoft-CLI-StepByStep\Demo9-StackSemantics\Debug\mt.command.1.tlog
d:\360pan\share\temp-project\microsoft-CLI-StepByStep\Demo9-StackSemantics\Debug\mt.read.1.tlog
d:\360pan\share\temp-project\microsoft-CLI-StepByStep\Demo9-StackSemantics\Debug\mt.write.1.tlog
D:\360PAN\SHARE\TEMP-PROJECT\MICROSOFT-CLI-STEPBYSTEP\DEMO9-STACKSEMANTICS\DEBUG\VC90.PDB
