d:\360pan\share\temp-project\microsoft-CLI-StepByStep\CreateFromEmptyProject\Debug\cl.command.1.tlog
d:\360pan\share\temp-project\microsoft-CLI-StepByStep\CreateFromEmptyProject\Debug\CL.read.1.tlog
d:\360pan\share\temp-project\microsoft-CLI-StepByStep\CreateFromEmptyProject\Debug\CL.write.1.tlog
D:\360PAN\SHARE\TEMP-PROJECT\MICROSOFT-CLI-STEPBYSTEP\CREATEFROMEMPTYPROJECT\DEBUG\CREATEFROMEMPTYPROJECT.EXE.INTERMEDIATE.MANIFEST
d:\360pan\share\temp-project\microsoft-CLI-StepByStep\CreateFromEmptyProject\Debug\link.4232.read.1.tlog
d:\360pan\share\temp-project\microsoft-CLI-StepByStep\CreateFromEmptyProject\Debug\link.4232.write.1.tlog
d:\360pan\share\temp-project\microsoft-CLI-StepByStep\CreateFromEmptyProject\Debug\link.6456.read.1.tlog
d:\360pan\share\temp-project\microsoft-CLI-StepByStep\CreateFromEmptyProject\Debug\link.6456.write.1.tlog
d:\360pan\share\temp-project\microsoft-CLI-StepByStep\CreateFromEmptyProject\Debug\link.command.1.tlog
d:\360pan\share\temp-project\microsoft-CLI-StepByStep\CreateFromEmptyProject\Debug\link.read.1.tlog
d:\360pan\share\temp-project\microsoft-CLI-StepByStep\CreateFromEmptyProject\Debug\link.write.1.tlog
D:\360PAN\SHARE\TEMP-PROJECT\MICROSOFT-CLI-STEPBYSTEP\CREATEFROMEMPTYPROJECT\DEBUG\MAIN.OBJ
d:\360pan\share\temp-project\microsoft-CLI-StepByStep\CreateFromEmptyProject\Debug\metagen.read.1.tlog
d:\360pan\share\temp-project\microsoft-CLI-StepByStep\CreateFromEmptyProject\Debug\metagen.write.1.tlog
d:\360pan\share\temp-project\microsoft-CLI-StepByStep\CreateFromEmptyProject\Debug\mt.command.1.tlog
d:\360pan\share\temp-project\microsoft-CLI-StepByStep\CreateFromEmptyProject\Debug\mt.read.1.tlog
d:\360pan\share\temp-project\microsoft-CLI-StepByStep\CreateFromEmptyProject\Debug\mt.write.1.tlog
D:\360PAN\SHARE\TEMP-PROJECT\MICROSOFT-CLI-STEPBYSTEP\CREATEFROMEMPTYPROJECT\DEBUG\VC90.PDB
D:\360PAN\SHARE\TEMP-PROJECT\MICROSOFT-CLI-STEPBYSTEP\DEBUG\CREATEFROMEMPTYPROJECT.EXE
D:\360PAN\SHARE\TEMP-PROJECT\MICROSOFT-CLI-STEPBYSTEP\DEBUG\CREATEFROMEMPTYPROJECT.ILK
D:\360PAN\SHARE\TEMP-PROJECT\MICROSOFT-CLI-STEPBYSTEP\DEBUG\CREATEFROMEMPTYPROJECT.PDB
