D:\360PAN\SHARE\TEMP-PROJECT\MICROSOFT-CLI-STEPBYSTEP\DEBUG\DEMO10-BIGBANK.EXE
D:\360PAN\SHARE\TEMP-PROJECT\MICROSOFT-CLI-STEPBYSTEP\DEBUG\DEMO10-BIGBANK.ILK
D:\360PAN\SHARE\TEMP-PROJECT\MICROSOFT-CLI-STEPBYSTEP\DEBUG\DEMO10-BIGBANK.PDB
D:\360PAN\SHARE\TEMP-PROJECT\MICROSOFT-CLI-STEPBYSTEP\DEMO10-BIGBANK\DEBUG\BANKACCOUNT.OBJ
d:\360pan\share\temp-project\microsoft-CLI-StepByStep\Demo10-BigBank\Debug\cl.command.1.tlog
d:\360pan\share\temp-project\microsoft-CLI-StepByStep\Demo10-BigBank\Debug\CL.read.1.tlog
d:\360pan\share\temp-project\microsoft-CLI-StepByStep\Demo10-BigBank\Debug\CL.write.1.tlog
D:\360PAN\SHARE\TEMP-PROJECT\MICROSOFT-CLI-STEPBYSTEP\DEMO10-BIGBANK\DEBUG\DEMO10-BIGBANK.EXE.INTERMEDIATE.MANIFEST
d:\360pan\share\temp-project\microsoft-CLI-StepByStep\Demo10-BigBank\Debug\link.3436.read.1.tlog
d:\360pan\share\temp-project\microsoft-CLI-StepByStep\Demo10-BigBank\Debug\link.3436.write.1.tlog
d:\360pan\share\temp-project\microsoft-CLI-StepByStep\Demo10-BigBank\Debug\link.4120.read.1.tlog
d:\360pan\share\temp-project\microsoft-CLI-StepByStep\Demo10-BigBank\Debug\link.4120.write.1.tlog
d:\360pan\share\temp-project\microsoft-CLI-StepByStep\Demo10-BigBank\Debug\link.4548.read.1.tlog
d:\360pan\share\temp-project\microsoft-CLI-StepByStep\Demo10-BigBank\Debug\link.4548.write.1.tlog
d:\360pan\share\temp-project\microsoft-CLI-StepByStep\Demo10-BigBank\Debug\link.5480.read.1.tlog
d:\360pan\share\temp-project\microsoft-CLI-StepByStep\Demo10-BigBank\Debug\link.5480.write.1.tlog
d:\360pan\share\temp-project\microsoft-CLI-StepByStep\Demo10-BigBank\Debug\link.5488.read.1.tlog
d:\360pan\share\temp-project\microsoft-CLI-StepByStep\Demo10-BigBank\Debug\link.5488.write.1.tlog
d:\360pan\share\temp-project\microsoft-CLI-StepByStep\Demo10-BigBank\Debug\link.5560.read.1.tlog
d:\360pan\share\temp-project\microsoft-CLI-StepByStep\Demo10-BigBank\Debug\link.5560.write.1.tlog
d:\360pan\share\temp-project\microsoft-CLI-StepByStep\Demo10-BigBank\Debug\link.6116.read.1.tlog
d:\360pan\share\temp-project\microsoft-CLI-StepByStep\Demo10-BigBank\Debug\link.6116.write.1.tlog
d:\360pan\share\temp-project\microsoft-CLI-StepByStep\Demo10-BigBank\Debug\link.6188.read.1.tlog
d:\360pan\share\temp-project\microsoft-CLI-StepByStep\Demo10-BigBank\Debug\link.6188.write.1.tlog
d:\360pan\share\temp-project\microsoft-CLI-StepByStep\Demo10-BigBank\Debug\link.6892.read.1.tlog
d:\360pan\share\temp-project\microsoft-CLI-StepByStep\Demo10-BigBank\Debug\link.6892.write.1.tlog
d:\360pan\share\temp-project\microsoft-CLI-StepByStep\Demo10-BigBank\Debug\link.7128.read.1.tlog
d:\360pan\share\temp-project\microsoft-CLI-StepByStep\Demo10-BigBank\Debug\link.7128.write.1.tlog
d:\360pan\share\temp-project\microsoft-CLI-StepByStep\Demo10-BigBank\Debug\link.716.read.1.tlog
d:\360pan\share\temp-project\microsoft-CLI-StepByStep\Demo10-BigBank\Debug\link.716.write.1.tlog
d:\360pan\share\temp-project\microsoft-CLI-StepByStep\Demo10-BigBank\Debug\link.7532.read.1.tlog
d:\360pan\share\temp-project\microsoft-CLI-StepByStep\Demo10-BigBank\Debug\link.7532.write.1.tlog
d:\360pan\share\temp-project\microsoft-CLI-StepByStep\Demo10-BigBank\Debug\link.7824.read.1.tlog
d:\360pan\share\temp-project\microsoft-CLI-StepByStep\Demo10-BigBank\Debug\link.7824.write.1.tlog
d:\360pan\share\temp-project\microsoft-CLI-StepByStep\Demo10-BigBank\Debug\link.8076.read.1.tlog
d:\360pan\share\temp-project\microsoft-CLI-StepByStep\Demo10-BigBank\Debug\link.8076.write.1.tlog
d:\360pan\share\temp-project\microsoft-CLI-StepByStep\Demo10-BigBank\Debug\link.command.1.tlog
d:\360pan\share\temp-project\microsoft-CLI-StepByStep\Demo10-BigBank\Debug\link.read.1.tlog
d:\360pan\share\temp-project\microsoft-CLI-StepByStep\Demo10-BigBank\Debug\link.write.1.tlog
D:\360PAN\SHARE\TEMP-PROJECT\MICROSOFT-CLI-STEPBYSTEP\DEMO10-BIGBANK\DEBUG\MAIN.OBJ
d:\360pan\share\temp-project\microsoft-CLI-StepByStep\Demo10-BigBank\Debug\metagen.read.1.tlog
d:\360pan\share\temp-project\microsoft-CLI-StepByStep\Demo10-BigBank\Debug\metagen.write.1.tlog
d:\360pan\share\temp-project\microsoft-CLI-StepByStep\Demo10-BigBank\Debug\mt.command.1.tlog
d:\360pan\share\temp-project\microsoft-CLI-StepByStep\Demo10-BigBank\Debug\mt.read.1.tlog
d:\360pan\share\temp-project\microsoft-CLI-StepByStep\Demo10-BigBank\Debug\mt.write.1.tlog
D:\360PAN\SHARE\TEMP-PROJECT\MICROSOFT-CLI-STEPBYSTEP\DEMO10-BIGBANK\DEBUG\SAVINGSACCOUNT.OBJ
D:\360PAN\SHARE\TEMP-PROJECT\MICROSOFT-CLI-STEPBYSTEP\DEMO10-BIGBANK\DEBUG\VC90.PDB
