Build started 2016/1/27 上午 11:10:02.
     1>Project "D:\360pan\share\temp-project\microsoft-CLI-StepByStep\Demo10-BigBank\Demo10-BigBank.vcxproj" on node 2 (build target(s)).
     1>InitializeBuildStatus:
         Touching "Debug\Demo10-BigBank.unsuccessfulbuild".
       ClCompile:
         C:\Program Files (x86)\Microsoft Visual Studio 9.0\VC\bin\CL.exe /c /AIC:\Windows\Microsoft.NET\Framework\v2.0.50727\ /Zi /clr /nologo /W3 /WX- /Od /Oy- /D WIN32 /D _DEBUG /D _UNICODE /D UNICODE /EHa /MDd /GS /fp:precise /Zc:wchar_t /Zc:forScope /Fo"Debug\\" /Fd"Debug\vc90.pdb" /TP /analyze- /errorReport:prompt main.cpp /d1clr:nostdlib 
         main.cpp
       Link:
         C:\Program Files (x86)\Microsoft Visual Studio 9.0\VC\bin\link.exe /ERRORREPORT:PROMPT /OUT:"D:\360pan\share\temp-project\microsoft-CLI-StepByStep\Debug\Demo10-BigBank.exe" /INCREMENTAL /NOLOGO /MANIFEST /ManifestFile:"Debug\Demo10-BigBank.exe.intermediate.manifest" /MANIFESTUAC:"level='asInvoker' uiAccess='false'" /DEBUG /PDB:"D:\360pan\share\temp-project\microsoft-CLI-StepByStep\Debug\Demo10-BigBank.pdb" /ASSEMBLYDEBUG /TLBID:1 /DYNAMICBASE /FIXED:NO /NXCOMPAT /MACHINE:X86 Debug\BankAccount.obj
         Debug\main.obj
         Debug\SavingsAccount.obj
         Demo10-BigBank.vcxproj -> D:\360pan\share\temp-project\microsoft-CLI-StepByStep\Debug\Demo10-BigBank.exe
       Manifest:
         C:\Program Files\Microsoft SDKs\Windows\v6.0A\bin\mt.exe /nologo /verbose /outputresource:"D:\360pan\share\temp-project\microsoft-CLI-StepByStep\Debug\Demo10-BigBank.exe;#1" /manifest "Debug\Demo10-BigBank.exe.intermediate.manifest"
       FinalizeBuildStatus:
         Deleting file "Debug\Demo10-BigBank.unsuccessfulbuild".
         Touching "Debug\Demo10-BigBank.lastbuildstate".
     1>Done Building Project "D:\360pan\share\temp-project\microsoft-CLI-StepByStep\Demo10-BigBank\Demo10-BigBank.vcxproj" (build target(s)).

Build succeeded.

Time Elapsed 00:00:00.56
