D:\360PAN\SHARE\TEMP-PROJECT\MICROSOFT-CLI-STEPBYSTEP\DEBUG\DEMO4-USINGFUNCTIONS.EXE
D:\360PAN\SHARE\TEMP-PROJECT\MICROSOFT-CLI-STEPBYSTEP\DEBUG\DEMO4-USINGFUNCTIONS.ILK
D:\360PAN\SHARE\TEMP-PROJECT\MICROSOFT-CLI-STEPBYSTEP\DEBUG\DEMO4-USINGFUNCTIONS.PDB
D:\360PAN\SHARE\TEMP-PROJECT\MICROSOFT-CLI-STEPBYSTEP\DEMO4-USINGFUNCTIONS\DEBUG\APP.RES
D:\360PAN\SHARE\TEMP-PROJECT\MICROSOFT-CLI-STEPBYSTEP\DEMO4-USINGFUNCTIONS\DEBUG\ASSEMBLYINFO.OBJ
d:\360pan\share\temp-project\microsoft-CLI-StepByStep\Demo4-UsingFunctions\Debug\cl.command.1.tlog
d:\360pan\share\temp-project\microsoft-CLI-StepByStep\Demo4-UsingFunctions\Debug\CL.read.1.tlog
d:\360pan\share\temp-project\microsoft-CLI-StepByStep\Demo4-UsingFunctions\Debug\CL.write.1.tlog
D:\360PAN\SHARE\TEMP-PROJECT\MICROSOFT-CLI-STEPBYSTEP\DEMO4-USINGFUNCTIONS\DEBUG\DEMO4-USINGFUNCTIONS.EXE.INTERMEDIATE.MANIFEST
D:\360PAN\SHARE\TEMP-PROJECT\MICROSOFT-CLI-STEPBYSTEP\DEMO4-USINGFUNCTIONS\DEBUG\DEMO4-USINGFUNCTIONS.OBJ
D:\360PAN\SHARE\TEMP-PROJECT\MICROSOFT-CLI-STEPBYSTEP\DEMO4-USINGFUNCTIONS\DEBUG\DEMO4-USINGFUNCTIONS.PCH
d:\360pan\share\temp-project\microsoft-CLI-StepByStep\Demo4-UsingFunctions\Debug\Demo4-UsingFunctions.vcxprojResolveAssemblyReference.cache
d:\360pan\share\temp-project\microsoft-CLI-StepByStep\Demo4-UsingFunctions\Debug\Demo4-UsingFunctions.write.1.tlog
d:\360pan\share\temp-project\microsoft-CLI-StepByStep\Demo4-UsingFunctions\Debug\link.5164.read.1.tlog
d:\360pan\share\temp-project\microsoft-CLI-StepByStep\Demo4-UsingFunctions\Debug\link.5164.write.1.tlog
d:\360pan\share\temp-project\microsoft-CLI-StepByStep\Demo4-UsingFunctions\Debug\link.5164-cvtres.read.1.tlog
d:\360pan\share\temp-project\microsoft-CLI-StepByStep\Demo4-UsingFunctions\Debug\link.5164-cvtres.write.1.tlog
d:\360pan\share\temp-project\microsoft-CLI-StepByStep\Demo4-UsingFunctions\Debug\link.5600.read.1.tlog
d:\360pan\share\temp-project\microsoft-CLI-StepByStep\Demo4-UsingFunctions\Debug\link.5600.write.1.tlog
d:\360pan\share\temp-project\microsoft-CLI-StepByStep\Demo4-UsingFunctions\Debug\link.5600-cvtres.read.1.tlog
d:\360pan\share\temp-project\microsoft-CLI-StepByStep\Demo4-UsingFunctions\Debug\link.5600-cvtres.write.1.tlog
d:\360pan\share\temp-project\microsoft-CLI-StepByStep\Demo4-UsingFunctions\Debug\link.command.1.tlog
d:\360pan\share\temp-project\microsoft-CLI-StepByStep\Demo4-UsingFunctions\Debug\link.read.1.tlog
d:\360pan\share\temp-project\microsoft-CLI-StepByStep\Demo4-UsingFunctions\Debug\link.write.1.tlog
d:\360pan\share\temp-project\microsoft-CLI-StepByStep\Demo4-UsingFunctions\Debug\metagen.read.1.tlog
d:\360pan\share\temp-project\microsoft-CLI-StepByStep\Demo4-UsingFunctions\Debug\metagen.write.1.tlog
d:\360pan\share\temp-project\microsoft-CLI-StepByStep\Demo4-UsingFunctions\Debug\mt.command.1.tlog
d:\360pan\share\temp-project\microsoft-CLI-StepByStep\Demo4-UsingFunctions\Debug\mt.read.1.tlog
d:\360pan\share\temp-project\microsoft-CLI-StepByStep\Demo4-UsingFunctions\Debug\mt.write.1.tlog
d:\360pan\share\temp-project\microsoft-CLI-StepByStep\Demo4-UsingFunctions\Debug\rc.command.1.tlog
d:\360pan\share\temp-project\microsoft-CLI-StepByStep\Demo4-UsingFunctions\Debug\rc.read.1.tlog
d:\360pan\share\temp-project\microsoft-CLI-StepByStep\Demo4-UsingFunctions\Debug\rc.write.1.tlog
D:\360PAN\SHARE\TEMP-PROJECT\MICROSOFT-CLI-STEPBYSTEP\DEMO4-USINGFUNCTIONS\DEBUG\STDAFX.OBJ
D:\360PAN\SHARE\TEMP-PROJECT\MICROSOFT-CLI-STEPBYSTEP\DEMO4-USINGFUNCTIONS\DEBUG\VC90.PDB
