D:\360PAN\SHARE\TEMP-PROJECT\MICROSOFT-CLI-STEPBYSTEP\DEBUG\DEMO2-ANIMALS.EXE
d:\360pan\share\temp-project\microsoft-CLI-StepByStep\Debug\Demo2-Animals.ilk
d:\360pan\share\temp-project\microsoft-CLI-StepByStep\Debug\Demo2-Animals.pdb
D:\360PAN\SHARE\TEMP-PROJECT\MICROSOFT-CLI-STEPBYSTEP\DEMO2-ANIMALS\DEBUG\.NETFRAMEWORK,VERSION=V4.0.ASSEMBLYATTRIBUTES.OBJ
D:\360PAN\SHARE\TEMP-PROJECT\MICROSOFT-CLI-STEPBYSTEP\DEMO2-ANIMALS\DEBUG\APP.RES
D:\360PAN\SHARE\TEMP-PROJECT\MICROSOFT-CLI-STEPBYSTEP\DEMO2-ANIMALS\DEBUG\ASSEMBLYINFO.OBJ
d:\360pan\share\temp-project\microsoft-CLI-StepByStep\Demo2-Animals\Debug\cl.command.1.tlog
d:\360pan\share\temp-project\microsoft-CLI-StepByStep\Demo2-Animals\Debug\CL.read.1.tlog
d:\360pan\share\temp-project\microsoft-CLI-StepByStep\Demo2-Animals\Debug\CL.write.1.tlog
d:\360pan\share\temp-project\microsoft-CLI-StepByStep\Demo2-Animals\Debug\Demo2-Animals.exe.intermediate.manifest
D:\360PAN\SHARE\TEMP-PROJECT\MICROSOFT-CLI-STEPBYSTEP\DEMO2-ANIMALS\DEBUG\DEMO2-ANIMALS.OBJ
D:\360PAN\SHARE\TEMP-PROJECT\MICROSOFT-CLI-STEPBYSTEP\DEMO2-ANIMALS\DEBUG\DEMO2-ANIMALS.PCH
d:\360pan\share\temp-project\microsoft-CLI-StepByStep\Demo2-Animals\Debug\Demo2-Animals.vcxprojResolveAssemblyReference.cache
d:\360pan\share\temp-project\microsoft-CLI-StepByStep\Demo2-Animals\Debug\Demo2-Animals.write.1.tlog
d:\360pan\share\temp-project\microsoft-CLI-StepByStep\Demo2-Animals\Debug\link.3588.read.1.tlog
d:\360pan\share\temp-project\microsoft-CLI-StepByStep\Demo2-Animals\Debug\link.3588.write.1.tlog
d:\360pan\share\temp-project\microsoft-CLI-StepByStep\Demo2-Animals\Debug\link.5740.read.1.tlog
d:\360pan\share\temp-project\microsoft-CLI-StepByStep\Demo2-Animals\Debug\link.5740.write.1.tlog
d:\360pan\share\temp-project\microsoft-CLI-StepByStep\Demo2-Animals\Debug\link.5740-cvtres.read.1.tlog
d:\360pan\share\temp-project\microsoft-CLI-StepByStep\Demo2-Animals\Debug\link.5740-cvtres.write.1.tlog
d:\360pan\share\temp-project\microsoft-CLI-StepByStep\Demo2-Animals\Debug\link.command.1.tlog
d:\360pan\share\temp-project\microsoft-CLI-StepByStep\Demo2-Animals\Debug\link.read.1.tlog
d:\360pan\share\temp-project\microsoft-CLI-StepByStep\Demo2-Animals\Debug\link.write.1.tlog
d:\360pan\share\temp-project\microsoft-CLI-StepByStep\Demo2-Animals\Debug\metagen.read.1.tlog
d:\360pan\share\temp-project\microsoft-CLI-StepByStep\Demo2-Animals\Debug\metagen.write.1.tlog
d:\360pan\share\temp-project\microsoft-CLI-StepByStep\Demo2-Animals\Debug\mt.command.1.tlog
d:\360pan\share\temp-project\microsoft-CLI-StepByStep\Demo2-Animals\Debug\mt.read.1.tlog
d:\360pan\share\temp-project\microsoft-CLI-StepByStep\Demo2-Animals\Debug\mt.write.1.tlog
d:\360pan\share\temp-project\microsoft-CLI-StepByStep\Demo2-Animals\Debug\rc.command.1.tlog
d:\360pan\share\temp-project\microsoft-CLI-StepByStep\Demo2-Animals\Debug\rc.read.1.tlog
d:\360pan\share\temp-project\microsoft-CLI-StepByStep\Demo2-Animals\Debug\rc.write.1.tlog
D:\360PAN\SHARE\TEMP-PROJECT\MICROSOFT-CLI-STEPBYSTEP\DEMO2-ANIMALS\DEBUG\STDAFX.OBJ
D:\360PAN\SHARE\TEMP-PROJECT\MICROSOFT-CLI-STEPBYSTEP\DEMO2-ANIMALS\DEBUG\VC100.PDB
