D:\360PAN\SHARE\TEMP-PROJECT\MICROSOFT-CLI-STEPBYSTEP\DEBUG\DEMO5-DECISIONANDLOOP.EXE
D:\360PAN\SHARE\TEMP-PROJECT\MICROSOFT-CLI-STEPBYSTEP\DEBUG\DEMO5-DECISIONANDLOOP.ILK
D:\360PAN\SHARE\TEMP-PROJECT\MICROSOFT-CLI-STEPBYSTEP\DEBUG\DEMO5-DECISIONANDLOOP.PDB
D:\360PAN\SHARE\TEMP-PROJECT\MICROSOFT-CLI-STEPBYSTEP\DEMO5-DECISIONANDLOOP\DEBUG\APP.RES
D:\360PAN\SHARE\TEMP-PROJECT\MICROSOFT-CLI-STEPBYSTEP\DEMO5-DECISIONANDLOOP\DEBUG\ASSEMBLYINFO.OBJ
d:\360pan\share\temp-project\microsoft-CLI-StepByStep\Demo5-DecisionAndLoop\Debug\cl.command.1.tlog
d:\360pan\share\temp-project\microsoft-CLI-StepByStep\Demo5-DecisionAndLoop\Debug\CL.read.1.tlog
d:\360pan\share\temp-project\microsoft-CLI-StepByStep\Demo5-DecisionAndLoop\Debug\CL.write.1.tlog
D:\360PAN\SHARE\TEMP-PROJECT\MICROSOFT-CLI-STEPBYSTEP\DEMO5-DECISIONANDLOOP\DEBUG\DEMO5-DECISIONANDLOOP.EXE.INTERMEDIATE.MANIFEST
D:\360PAN\SHARE\TEMP-PROJECT\MICROSOFT-CLI-STEPBYSTEP\DEMO5-DECISIONANDLOOP\DEBUG\DEMO5-DECISIONANDLOOP.OBJ
D:\360PAN\SHARE\TEMP-PROJECT\MICROSOFT-CLI-STEPBYSTEP\DEMO5-DECISIONANDLOOP\DEBUG\DEMO5-DECISIONANDLOOP.PCH
d:\360pan\share\temp-project\microsoft-CLI-StepByStep\Demo5-DecisionAndLoop\Debug\Demo5-DecisionAndLoop.vcxprojResolveAssemblyReference.cache
d:\360pan\share\temp-project\microsoft-CLI-StepByStep\Demo5-DecisionAndLoop\Debug\Demo5-DecisionAndLoop.write.1.tlog
d:\360pan\share\temp-project\microsoft-CLI-StepByStep\Demo5-DecisionAndLoop\Debug\link.2892.read.1.tlog
d:\360pan\share\temp-project\microsoft-CLI-StepByStep\Demo5-DecisionAndLoop\Debug\link.2892.write.1.tlog
d:\360pan\share\temp-project\microsoft-CLI-StepByStep\Demo5-DecisionAndLoop\Debug\link.2892-cvtres.read.1.tlog
d:\360pan\share\temp-project\microsoft-CLI-StepByStep\Demo5-DecisionAndLoop\Debug\link.2892-cvtres.write.1.tlog
d:\360pan\share\temp-project\microsoft-CLI-StepByStep\Demo5-DecisionAndLoop\Debug\link.4636.read.1.tlog
d:\360pan\share\temp-project\microsoft-CLI-StepByStep\Demo5-DecisionAndLoop\Debug\link.4636.write.1.tlog
d:\360pan\share\temp-project\microsoft-CLI-StepByStep\Demo5-DecisionAndLoop\Debug\link.4636-cvtres.read.1.tlog
d:\360pan\share\temp-project\microsoft-CLI-StepByStep\Demo5-DecisionAndLoop\Debug\link.4636-cvtres.write.1.tlog
d:\360pan\share\temp-project\microsoft-CLI-StepByStep\Demo5-DecisionAndLoop\Debug\link.command.1.tlog
d:\360pan\share\temp-project\microsoft-CLI-StepByStep\Demo5-DecisionAndLoop\Debug\link.read.1.tlog
d:\360pan\share\temp-project\microsoft-CLI-StepByStep\Demo5-DecisionAndLoop\Debug\link.write.1.tlog
d:\360pan\share\temp-project\microsoft-CLI-StepByStep\Demo5-DecisionAndLoop\Debug\metagen.read.1.tlog
d:\360pan\share\temp-project\microsoft-CLI-StepByStep\Demo5-DecisionAndLoop\Debug\metagen.write.1.tlog
d:\360pan\share\temp-project\microsoft-CLI-StepByStep\Demo5-DecisionAndLoop\Debug\mt.command.1.tlog
d:\360pan\share\temp-project\microsoft-CLI-StepByStep\Demo5-DecisionAndLoop\Debug\mt.read.1.tlog
d:\360pan\share\temp-project\microsoft-CLI-StepByStep\Demo5-DecisionAndLoop\Debug\mt.write.1.tlog
d:\360pan\share\temp-project\microsoft-CLI-StepByStep\Demo5-DecisionAndLoop\Debug\rc.command.1.tlog
d:\360pan\share\temp-project\microsoft-CLI-StepByStep\Demo5-DecisionAndLoop\Debug\rc.read.1.tlog
d:\360pan\share\temp-project\microsoft-CLI-StepByStep\Demo5-DecisionAndLoop\Debug\rc.write.1.tlog
D:\360PAN\SHARE\TEMP-PROJECT\MICROSOFT-CLI-STEPBYSTEP\DEMO5-DECISIONANDLOOP\DEBUG\STDAFX.OBJ
D:\360PAN\SHARE\TEMP-PROJECT\MICROSOFT-CLI-STEPBYSTEP\DEMO5-DECISIONANDLOOP\DEBUG\VC90.PDB
