D:\360PAN\SHARE\TEMP-PROJECT\MICROSOFT-CLI-STEPBYSTEP\DEBUG\DEMO6-CREDITORGANIZER.EXE
D:\360PAN\SHARE\TEMP-PROJECT\MICROSOFT-CLI-STEPBYSTEP\DEBUG\DEMO6-CREDITORGANIZER.ILK
D:\360PAN\SHARE\TEMP-PROJECT\MICROSOFT-CLI-STEPBYSTEP\DEBUG\DEMO6-CREDITORGANIZER.PDB
D:\360PAN\SHARE\TEMP-PROJECT\MICROSOFT-CLI-STEPBYSTEP\DEMO6-CREDITORGANIZER\DEBUG\APP.RES
D:\360PAN\SHARE\TEMP-PROJECT\MICROSOFT-CLI-STEPBYSTEP\DEMO6-CREDITORGANIZER\DEBUG\ASSEMBLYINFO.OBJ
d:\360pan\share\temp-project\microsoft-CLI-StepByStep\Demo6-CreditOrganizer\Debug\cl.command.1.tlog
d:\360pan\share\temp-project\microsoft-CLI-StepByStep\Demo6-CreditOrganizer\Debug\CL.read.1.tlog
d:\360pan\share\temp-project\microsoft-CLI-StepByStep\Demo6-CreditOrganizer\Debug\CL.write.1.tlog
D:\360PAN\SHARE\TEMP-PROJECT\MICROSOFT-CLI-STEPBYSTEP\DEMO6-CREDITORGANIZER\DEBUG\CREDITCARDACCOUNT.OBJ
D:\360PAN\SHARE\TEMP-PROJECT\MICROSOFT-CLI-STEPBYSTEP\DEMO6-CREDITORGANIZER\DEBUG\DEMO6-CREDITORGANIZER.EXE.INTERMEDIATE.MANIFEST
D:\360PAN\SHARE\TEMP-PROJECT\MICROSOFT-CLI-STEPBYSTEP\DEMO6-CREDITORGANIZER\DEBUG\DEMO6-CREDITORGANIZER.OBJ
D:\360PAN\SHARE\TEMP-PROJECT\MICROSOFT-CLI-STEPBYSTEP\DEMO6-CREDITORGANIZER\DEBUG\DEMO6-CREDITORGANIZER.PCH
d:\360pan\share\temp-project\microsoft-CLI-StepByStep\Demo6-CreditOrganizer\Debug\Demo6-CreditOrganizer.vcxprojResolveAssemblyReference.cache
d:\360pan\share\temp-project\microsoft-CLI-StepByStep\Demo6-CreditOrganizer\Debug\Demo6-CreditOrganizer.write.1.tlog
d:\360pan\share\temp-project\microsoft-CLI-StepByStep\Demo6-CreditOrganizer\Debug\link.5216.read.1.tlog
d:\360pan\share\temp-project\microsoft-CLI-StepByStep\Demo6-CreditOrganizer\Debug\link.5216.write.1.tlog
d:\360pan\share\temp-project\microsoft-CLI-StepByStep\Demo6-CreditOrganizer\Debug\link.5216-cvtres.read.1.tlog
d:\360pan\share\temp-project\microsoft-CLI-StepByStep\Demo6-CreditOrganizer\Debug\link.5216-cvtres.write.1.tlog
d:\360pan\share\temp-project\microsoft-CLI-StepByStep\Demo6-CreditOrganizer\Debug\link.5836.read.1.tlog
d:\360pan\share\temp-project\microsoft-CLI-StepByStep\Demo6-CreditOrganizer\Debug\link.5836.write.1.tlog
d:\360pan\share\temp-project\microsoft-CLI-StepByStep\Demo6-CreditOrganizer\Debug\link.5836-cvtres.read.1.tlog
d:\360pan\share\temp-project\microsoft-CLI-StepByStep\Demo6-CreditOrganizer\Debug\link.5836-cvtres.write.1.tlog
d:\360pan\share\temp-project\microsoft-CLI-StepByStep\Demo6-CreditOrganizer\Debug\link.command.1.tlog
d:\360pan\share\temp-project\microsoft-CLI-StepByStep\Demo6-CreditOrganizer\Debug\link.read.1.tlog
d:\360pan\share\temp-project\microsoft-CLI-StepByStep\Demo6-CreditOrganizer\Debug\link.write.1.tlog
D:\360PAN\SHARE\TEMP-PROJECT\MICROSOFT-CLI-STEPBYSTEP\DEMO6-CREDITORGANIZER\DEBUG\LOYALTYSCHEME.OBJ
d:\360pan\share\temp-project\microsoft-CLI-StepByStep\Demo6-CreditOrganizer\Debug\metagen.read.1.tlog
d:\360pan\share\temp-project\microsoft-CLI-StepByStep\Demo6-CreditOrganizer\Debug\metagen.write.1.tlog
d:\360pan\share\temp-project\microsoft-CLI-StepByStep\Demo6-CreditOrganizer\Debug\mt.command.1.tlog
d:\360pan\share\temp-project\microsoft-CLI-StepByStep\Demo6-CreditOrganizer\Debug\mt.read.1.tlog
d:\360pan\share\temp-project\microsoft-CLI-StepByStep\Demo6-CreditOrganizer\Debug\mt.write.1.tlog
d:\360pan\share\temp-project\microsoft-CLI-StepByStep\Demo6-CreditOrganizer\Debug\rc.command.1.tlog
d:\360pan\share\temp-project\microsoft-CLI-StepByStep\Demo6-CreditOrganizer\Debug\rc.read.1.tlog
d:\360pan\share\temp-project\microsoft-CLI-StepByStep\Demo6-CreditOrganizer\Debug\rc.write.1.tlog
D:\360PAN\SHARE\TEMP-PROJECT\MICROSOFT-CLI-STEPBYSTEP\DEMO6-CREDITORGANIZER\DEBUG\STDAFX.OBJ
D:\360PAN\SHARE\TEMP-PROJECT\MICROSOFT-CLI-STEPBYSTEP\DEMO6-CREDITORGANIZER\DEBUG\VC90.PDB
