D:\360PAN\SHARE\TEMP-PROJECT\MICROSOFT-CLI-STEPBYSTEP\DEBUG\DEMO8-COPYCON.EXE
D:\360PAN\SHARE\TEMP-PROJECT\MICROSOFT-CLI-STEPBYSTEP\DEBUG\DEMO8-COPYCON.ILK
D:\360PAN\SHARE\TEMP-PROJECT\MICROSOFT-CLI-STEPBYSTEP\DEBUG\DEMO8-COPYCON.PDB
d:\360pan\share\temp-project\microsoft-CLI-StepByStep\Demo8-CopyCon\Debug\cl.command.1.tlog
d:\360pan\share\temp-project\microsoft-CLI-StepByStep\Demo8-CopyCon\Debug\CL.read.1.tlog
d:\360pan\share\temp-project\microsoft-CLI-StepByStep\Demo8-CopyCon\Debug\CL.write.1.tlog
D:\360PAN\SHARE\TEMP-PROJECT\MICROSOFT-CLI-STEPBYSTEP\DEMO8-COPYCON\DEBUG\DEMO8-COPYCON.EXE.INTERMEDIATE.MANIFEST
d:\360pan\share\temp-project\microsoft-CLI-StepByStep\Demo8-CopyCon\Debug\Demo8-CopyCon.vcxprojResolveAssemblyReference.cache
d:\360pan\share\temp-project\microsoft-CLI-StepByStep\Demo8-CopyCon\Debug\Demo8-CopyCon.write.1.tlog
d:\360pan\share\temp-project\microsoft-CLI-StepByStep\Demo8-CopyCon\Debug\link.3872.read.1.tlog
d:\360pan\share\temp-project\microsoft-CLI-StepByStep\Demo8-CopyCon\Debug\link.3872.write.1.tlog
d:\360pan\share\temp-project\microsoft-CLI-StepByStep\Demo8-CopyCon\Debug\link.6968.read.1.tlog
d:\360pan\share\temp-project\microsoft-CLI-StepByStep\Demo8-CopyCon\Debug\link.6968.write.1.tlog
d:\360pan\share\temp-project\microsoft-CLI-StepByStep\Demo8-CopyCon\Debug\link.command.1.tlog
d:\360pan\share\temp-project\microsoft-CLI-StepByStep\Demo8-CopyCon\Debug\link.read.1.tlog
d:\360pan\share\temp-project\microsoft-CLI-StepByStep\Demo8-CopyCon\Debug\link.write.1.tlog
D:\360PAN\SHARE\TEMP-PROJECT\MICROSOFT-CLI-STEPBYSTEP\DEMO8-COPYCON\DEBUG\MAIN.OBJ
d:\360pan\share\temp-project\microsoft-CLI-StepByStep\Demo8-CopyCon\Debug\metagen.read.1.tlog
d:\360pan\share\temp-project\microsoft-CLI-StepByStep\Demo8-CopyCon\Debug\metagen.write.1.tlog
d:\360pan\share\temp-project\microsoft-CLI-StepByStep\Demo8-CopyCon\Debug\mt.command.1.tlog
d:\360pan\share\temp-project\microsoft-CLI-StepByStep\Demo8-CopyCon\Debug\mt.read.1.tlog
d:\360pan\share\temp-project\microsoft-CLI-StepByStep\Demo8-CopyCon\Debug\mt.write.1.tlog
D:\360PAN\SHARE\TEMP-PROJECT\MICROSOFT-CLI-STEPBYSTEP\DEMO8-COPYCON\DEBUG\VC90.PDB
